Using pre-set license
Built from '2021.3/staging' branch; Version is '2021.3.9f1 (ad3870b89536) revision 11352176'; Using compiler version '192829333'; Build Type 'Release'
OS: 'Windows 10  (10.0.19045) 64bit Core' Language: 'en' Physical Memory: 32716 MB
BatchMode: 1, IsHumanControllingUs: 0, StartBugReporterOnCrash: 0, Is64bit: 1, IsPro: 1

COMMAND LINE ARGUMENTS:
C:\Program Files\Unity\Hub\Editor\2021.3.9f1\Editor\Unity.exe
-adb2
-batchMode
-noUpm
-name
AssetImportWorker2
-projectPath
C:/Users/Admin/Documents/GitHub/SucideGame/SuicideBuild
-logFile
Logs/AssetImportWorker2.log
-srvPort
49446
Successfully changed project path to: C:/Users/Admin/Documents/GitHub/SucideGame/SuicideBuild
C:/Users/Admin/Documents/GitHub/SucideGame/SuicideBuild
[UnityMemory] Configuration Parameters - Can be set up in boot.config
    "memorysetup-bucket-allocator-granularity=16"
    "memorysetup-bucket-allocator-bucket-count=8"
    "memorysetup-bucket-allocator-block-size=33554432"
    "memorysetup-bucket-allocator-block-count=8"
    "memorysetup-main-allocator-block-size=16777216"
    "memorysetup-thread-allocator-block-size=16777216"
    "memorysetup-gfx-main-allocator-block-size=16777216"
    "memorysetup-gfx-thread-allocator-block-size=16777216"
    "memorysetup-cache-allocator-block-size=4194304"
    "memorysetup-typetree-allocator-block-size=2097152"
    "memorysetup-profiler-bucket-allocator-granularity=16"
    "memorysetup-profiler-bucket-allocator-bucket-count=8"
    "memorysetup-profiler-bucket-allocator-block-size=33554432"
    "memorysetup-profiler-bucket-allocator-block-count=8"
    "memorysetup-profiler-allocator-block-size=16777216"
    "memorysetup-profiler-editor-allocator-block-size=1048576"
    "memorysetup-temp-allocator-size-main=16777216"
    "memorysetup-job-temp-allocator-block-size=2097152"
    "memorysetup-job-temp-allocator-block-size-background=1048576"
    "memorysetup-job-temp-allocator-reduction-small-platforms=262144"
    "memorysetup-temp-allocator-size-background-worker=32768"
    "memorysetup-temp-allocator-size-job-worker=262144"
    "memorysetup-temp-allocator-size-preload-manager=33554432"
    "memorysetup-temp-allocator-size-nav-mesh-worker=65536"
    "memorysetup-temp-allocator-size-audio-worker=65536"
    "memorysetup-temp-allocator-size-cloud-worker=32768"
    "memorysetup-temp-allocator-size-gi-baking-worker=262144"
    "memorysetup-temp-allocator-size-gfx=262144"
Refreshing native plugins compatible for Editor in 143.71 ms, found 11 plugins.
Preloading 1 native plugins for Editor in 0.89 ms.
Initialize engine version: 2021.3.9f1 (ad3870b89536)
[Subsystems] Discovering subsystems at path C:/Program Files/Unity/Hub/Editor/2021.3.9f1/Editor/Data/Resources/UnitySubsystems
[Subsystems] Discovering subsystems at path C:/Users/Admin/Documents/GitHub/SucideGame/SuicideBuild/Assets
GfxDevice: creating device client; threaded=0; jobified=0
Direct3D:
    Version:  Direct3D 11.0 [level 11.1]
    Renderer: AMD Radeon RX 6700 XT (ID=0x73df)
    Vendor:   ATI
    VRAM:     12243 MB
    Driver:   31.0.23013.1023
Initialize mono
Mono path[0] = 'C:/Program Files/Unity/Hub/Editor/2021.3.9f1/Editor/Data/Managed'
Mono path[1] = 'C:/Program Files/Unity/Hub/Editor/2021.3.9f1/Editor/Data/MonoBleedingEdge/lib/mono/unityjit-win32'
Mono config path = 'C:/Program Files/Unity/Hub/Editor/2021.3.9f1/Editor/Data/MonoBleedingEdge/etc'
Using monoOptions --debugger-agent=transport=dt_socket,embedding=1,server=y,suspend=n,address=127.0.0.1:56796
Begin MonoManager ReloadAssembly
Registering precompiled unity dll's ...
Register platform support module: C:/Program Files/Unity/Hub/Editor/2021.3.9f1/Editor/Data/PlaybackEngines/WindowsStandaloneSupport/UnityEditor.WindowsStandalone.Extensions.dll
Registered in 0.009439 seconds.
Native extension for WindowsStandalone target not found
Refreshing native plugins compatible for Editor in 123.06 ms, found 11 plugins.
Preloading 1 native plugins for Editor in 0.11 ms.
Mono: successfully reloaded assembly
- Completed reload, in  0.672 seconds
Domain Reload Profiling:
	ReloadAssembly (673ms)
		BeginReloadAssembly (79ms)
			ExecutionOrderSort (0ms)
			DisableScriptedObjects (0ms)
			BackupInstance (0ms)
			ReleaseScriptingObjects (0ms)
			CreateAndSetChildDomain (1ms)
		EndReloadAssembly (466ms)
			LoadAssemblies (76ms)
			RebuildTransferFunctionScriptingTraits (0ms)
			SetupTypeCache (102ms)
			ReleaseScriptCaches (0ms)
			RebuildScriptCaches (22ms)
			SetupLoadedEditorAssemblies (287ms)
				LogAssemblyErrors (0ms)
				InitializePlatformSupportModulesInManaged (7ms)
				SetLoadedEditorAssemblies (0ms)
				RefreshPlugins (123ms)
				BeforeProcessingInitializeOnLoad (1ms)
				ProcessInitializeOnLoadAttributes (116ms)
				ProcessInitializeOnLoadMethodAttributes (39ms)
				AfterProcessingInitializeOnLoad (0ms)
				EditorAssembliesLoaded (0ms)
			ExecutionOrderSort2 (0ms)
			AwakeInstancesAfterBackupRestoration (0ms)
Platform modules already initialized, skipping
Registering precompiled user dll's ...
Registered in 0.013596 seconds.
Begin MonoManager ReloadAssembly
Symbol file LoadedFromMemory doesn't match image C:\Users\Admin\Documents\GitHub\SucideGame\SuicideBuild\Library\PackageCache\com.unity.visualscripting@1.7.8\Editor\VisualScripting.Core\Dependencies\DotNetZip\Unity.VisualScripting.IonicZip.dll
Symbol file LoadedFromMemory doesn't match image C:\Users\Admin\Documents\GitHub\SucideGame\SuicideBuild\Library\PackageCache\com.unity.visualscripting@1.7.8\Editor\VisualScripting.Core\Dependencies\YamlDotNet\Unity.VisualScripting.YamlDotNet.dll
Native extension for WindowsStandalone target not found
Refreshing native plugins compatible for Editor in 111.93 ms, found 11 plugins.
Preloading 1 native plugins for Editor in 0.10 ms.
Package Manager log level set to [2]
System.Reflection.TargetInvocationException: Exception has been thrown by the target of an invocation. ---> System.NullReferenceException: Object reference not set to an instance of an object
  at Unity.XR.Oculus.OculusLoader.AssetPathToAbsolutePath (System.String assetPath) [0x0003d] in C:\Users\Admin\Documents\GitHub\SucideGame\SuicideBuild\Library\PackageCache\com.unity.xr.oculus@3.0.2\Runtime\OculusLoader.cs:271 
  at Unity.XR.Oculus.OculusLoader.EditorLoadOVRPlugin () [0x0007b] in C:\Users\Admin\Documents\GitHub\SucideGame\SuicideBuild\Library\PackageCache\com.unity.xr.oculus@3.0.2\Runtime\OculusLoader.cs:256 
  at (wrapper managed-to-native) System.Reflection.RuntimeMethodInfo.InternalInvoke(System.Reflection.RuntimeMethodInfo,object,object[],System.Exception&)
  at System.Reflection.RuntimeMethodInfo.Invoke (System.Object obj, System.Reflection.BindingFlags invokeAttr, System.Reflection.Binder binder, System.Object[] parameters, System.Globalization.CultureInfo culture) [0x0006a] in <9aad1b3a47484d63ba2b3985692d80e9>:0 
   --- End of inner exception stack trace ---
  at System.Reflection.RuntimeMethodInfo.Invoke (System.Object obj, System.Reflection.BindingFlags invokeAttr, System.Reflection.Binder binder, System.Object[] parameters, System.Globalization.CultureInfo culture) [0x00083] in <9aad1b3a47484d63ba2b3985692d80e9>:0 
  at System.Reflection.MethodBase.Invoke (System.Object obj, System.Object[] parameters) [0x00000] in <9aad1b3a47484d63ba2b3985692d80e9>:0 
  at UnityEditor.EditorAssemblies.ProcessInitializeOnLoadMethodAttributes () [0x000a5] in <0d6ce211ebbc47e1a35a84c3672ff58f>:0 
UnityEngine.StackTraceUtility:ExtractStackTrace ()
UnityEngine.DebugLogHandler:LogFormat (UnityEngine.LogType,UnityEngine.Object,string,object[])
UnityEngine.Logger:Log (UnityEngine.LogType,object)
UnityEngine.Debug:LogError (object)
UnityEditor.EditorAssemblies:ProcessInitializeOnLoadMethodAttributes ()

Mono: successfully reloaded assembly
- Completed reload, in  1.241 seconds
Domain Reload Profiling:
	ReloadAssembly (1242ms)
		BeginReloadAssembly (100ms)
			ExecutionOrderSort (0ms)
			DisableScriptedObjects (5ms)
			BackupInstance (0ms)
			ReleaseScriptingObjects (0ms)
			CreateAndSetChildDomain (19ms)
		EndReloadAssembly (1039ms)
			LoadAssemblies (83ms)
			RebuildTransferFunctionScriptingTraits (0ms)
			SetupTypeCache (227ms)
			ReleaseScriptCaches (1ms)
			RebuildScriptCaches (55ms)
			SetupLoadedEditorAssemblies (634ms)
				LogAssemblyErrors (0ms)
				InitializePlatformSupportModulesInManaged (5ms)
				SetLoadedEditorAssemblies (0ms)
				RefreshPlugins (112ms)
				BeforeProcessingInitializeOnLoad (127ms)
				ProcessInitializeOnLoadAttributes (306ms)
				ProcessInitializeOnLoadMethodAttributes (75ms)
				AfterProcessingInitializeOnLoad (9ms)
				EditorAssembliesLoaded (0ms)
			ExecutionOrderSort2 (0ms)
			AwakeInstancesAfterBackupRestoration (4ms)
Platform modules already initialized, skipping
========================================================================
Worker process is ready to serve import requests
Launched and connected shader compiler UnityShaderCompiler.exe after 0.04 seconds
Refreshing native plugins compatible for Editor in 1.93 ms, found 11 plugins.
Preloading 1 native plugins for Editor in 0.18 ms.
Unloading 6070 Unused Serialized files (Serialized files now loaded: 0)
Unloading 57 unused Assets / (0.7 MB). Loaded Objects now: 6511.
Memory consumption went from 233.9 MB to 233.2 MB.
Total: 4.393200 ms (FindLiveObjects: 0.585000 ms CreateObjectMapping: 0.162500 ms MarkObjects: 3.231100 ms  DeleteObjects: 0.413400 ms)

AssetImportParameters requested are different than current active one (requested -> active):
  custom:video-decoder-ogg-theora: a1e56fd34408186e4bbccfd4996cb3dc -> 
  custom:container-muxer-webm: aa71ff27fc2769a1b78a27578f13a17b -> 
  custom:container-demuxer-webm: 4f35f7cbe854078d1ac9338744f61a02 -> 
  custom:video-encoder-webm-vp8: eb34c28f22e8b96e1ab97ce403110664 -> 
  custom:video-codec-MediaFoundation-h265: e54d7ab0439102e2317fc1e4b246158d -> 
  custom:audio-encoder-webm-vorbis: bf7c407c2cedff20999df2af8eb42d56 -> 
  custom:framework-win-MediaFoundation: 216162199b28c13a410421893ffa2e32 -> 
  custom:container-demuxer-ogg: 62fdf1f143b41e24485cea50d1cbac27 -> 
  custom:video-decoder-webm-vp8: 9c59270c3fd7afecdb556c50c9e8de78 -> 
  custom:audio-decoder-ogg-vorbis: bf7c407c2cedff20999df2af8eb42d56 -> 
========================================================================
Received Import Request.
  Time since last request: 942534.113491 seconds.
  path: Assets/Prefabs/ARCHERY_Target.FBX
  artifactKey: Guid(b59d6a9e34a40a14ebcc341dad4f74d8) Importer(815301076,1909f56bfc062723c751e8b465ee728b)
Start importing Assets/Prefabs/ARCHERY_Target.FBX using Guid(b59d6a9e34a40a14ebcc341dad4f74d8) Importer(815301076,1909f56bfc062723c751e8b465ee728b)  -> (artifact id: '9097de40c1bc5455184dc8e36630fc04') in 0.271543 seconds 
========================================================================
Received Import Request.
  Time since last request: 42.274061 seconds.
  path: Assets/Prefabs/Gun Model
  artifactKey: Guid(330103464a58874469a847030c458199) Importer(815301076,1909f56bfc062723c751e8b465ee728b)
Start importing Assets/Prefabs/Gun Model using Guid(330103464a58874469a847030c458199) Importer(815301076,1909f56bfc062723c751e8b465ee728b)  -> (artifact id: '3a6194c3929859cf6c75ac9bc830ae33') in 0.008715 seconds 
========================================================================
Received Import Request.
  Time since last request: 0.068068 seconds.
  path: Assets/Prefabs/Gun Model/45ACP Bullet.fbx
  artifactKey: Guid(b4ac1765fc9502445b6a48ce3274feb4) Importer(815301076,1909f56bfc062723c751e8b465ee728b)
Start importing Assets/Prefabs/Gun Model/45ACP Bullet.fbx using Guid(b4ac1765fc9502445b6a48ce3274feb4) Importer(815301076,1909f56bfc062723c751e8b465ee728b)  -> (artifact id: '2bb5291eef9eb02b0cfbe725378574e2') in 0.040474 seconds 
========================================================================
Received Import Request.
  Time since last request: 15.624269 seconds.
  path: Assets/Prefabs/Gun Model/Gun Materials
  artifactKey: Guid(612ebf9a8a3589d48b7b184c5e4e2975) Importer(815301076,1909f56bfc062723c751e8b465ee728b)
Start importing Assets/Prefabs/Gun Model/Gun Materials using Guid(612ebf9a8a3589d48b7b184c5e4e2975) Importer(815301076,1909f56bfc062723c751e8b465ee728b)  -> (artifact id: 'b40f01eee21ac803965d4e2914863d30') in 0.009317 seconds 
========================================================================
Received Import Request.
  Time since last request: 0.143175 seconds.
  path: Assets/Prefabs/Gun Model/Gun Materials/45ACP_Bullet_Albedo_Silver.png
  artifactKey: Guid(d30b14c73ac7c924f93a82ba6126784e) Importer(815301076,1909f56bfc062723c751e8b465ee728b)
Start importing Assets/Prefabs/Gun Model/Gun Materials/45ACP_Bullet_Albedo_Silver.png using Guid(d30b14c73ac7c924f93a82ba6126784e) Importer(815301076,1909f56bfc062723c751e8b465ee728b)  -> (artifact id: '46dfe355bb66ade1d4d492b9a9543683') in 0.030980 seconds 
========================================================================
Received Import Request.
  Time since last request: 0.000022 seconds.
  path: Assets/Prefabs/Gun Model/Gun Materials/M1911_Handgun_Albedo_Black.png
  artifactKey: Guid(0a55eb4aea04c96439b7f16c119b6f43) Importer(815301076,1909f56bfc062723c751e8b465ee728b)
Start importing Assets/Prefabs/Gun Model/Gun Materials/M1911_Handgun_Albedo_Black.png using Guid(0a55eb4aea04c96439b7f16c119b6f43) Importer(815301076,1909f56bfc062723c751e8b465ee728b)  -> (artifact id: '1a2b302eb1ec8947ada3716429196d7e') in 0.019936 seconds 
========================================================================
Received Import Request.
  Time since last request: 0.000027 seconds.
  path: Assets/Prefabs/Gun Model/Gun Materials/M1911_Handgun_Albedo_Steel.png
  artifactKey: Guid(a33b3414aa2822f488966448c65c3cdb) Importer(815301076,1909f56bfc062723c751e8b465ee728b)
Start importing Assets/Prefabs/Gun Model/Gun Materials/M1911_Handgun_Albedo_Steel.png using Guid(a33b3414aa2822f488966448c65c3cdb) Importer(815301076,1909f56bfc062723c751e8b465ee728b)  -> (artifact id: '676885f3cd179a4d3b4cd9a85679626a') in 0.017674 seconds 
========================================================================
Received Import Request.
  Time since last request: 0.000028 seconds.
  path: Assets/Prefabs/Gun Model/Gun Materials/M1911_Handgun_Normal.png
  artifactKey: Guid(3f3419d7c112e354b8702753a4cb087c) Importer(815301076,1909f56bfc062723c751e8b465ee728b)
Start importing Assets/Prefabs/Gun Model/Gun Materials/M1911_Handgun_Normal.png using Guid(3f3419d7c112e354b8702753a4cb087c) Importer(815301076,1909f56bfc062723c751e8b465ee728b)  -> (artifact id: '1f9dcef30f8fa62e4aef2489c89127c1') in 0.023946 seconds 
========================================================================
Received Import Request.
  Time since last request: 0.000031 seconds.
  path: Assets/Prefabs/Gun Model/Gun Materials/M1911 Handgun_Steel.mat
  artifactKey: Guid(cc436e261a9d9174ca02e4316be62b06) Importer(815301076,1909f56bfc062723c751e8b465ee728b)
Start importing Assets/Prefabs/Gun Model/Gun Materials/M1911 Handgun_Steel.mat using Guid(cc436e261a9d9174ca02e4316be62b06) Importer(815301076,1909f56bfc062723c751e8b465ee728b)  -> (artifact id: '13cd8877aad92265d373130056194653') in 0.885155 seconds 
========================================================================
Received Import Request.
  Time since last request: 54.132973 seconds.
  path: Assets/Prefabs/ARCHERY_Target.max
  artifactKey: Guid(d12ec77f1956a194f8ed8915e25a4a9c) Importer(815301076,1909f56bfc062723c751e8b465ee728b)
Start importing Assets/Prefabs/ARCHERY_Target.max using Guid(d12ec77f1956a194f8ed8915e25a4a9c) Importer(815301076,1909f56bfc062723c751e8b465ee728b)  -> (artifact id: 'c0ddaa7f300d56dbcc370f46046e7be7') in 0.004910 seconds 
========================================================================
Received Import Request.
  Time since last request: 153.255543 seconds.
  path: Assets/Prefabs/Mark_orig.fbx
  artifactKey: Guid(ba1c2a5d717f5d34da61164eadf1e618) Importer(815301076,1909f56bfc062723c751e8b465ee728b)
Start importing Assets/Prefabs/Mark_orig.fbx using Guid(ba1c2a5d717f5d34da61164eadf1e618) Importer(815301076,1909f56bfc062723c751e8b465ee728b)  -> (artifact id: '6b7d84ae0dff8ca07834bc26b04440df') in 0.020064 seconds 
========================================================================
Received Import Request.
  Time since last request: 37.878678 seconds.
  path: Assets/Prefabs/Target.mat
  artifactKey: Guid(d34637a9209a4764c909dc443acad152) Importer(815301076,1909f56bfc062723c751e8b465ee728b)
Start importing Assets/Prefabs/Target.mat using Guid(d34637a9209a4764c909dc443acad152) Importer(815301076,1909f56bfc062723c751e8b465ee728b)  -> (artifact id: 'd8680f0de17033676bcca3f8e6037e1b') in 0.015422 seconds 
========================================================================
Received Import Request.
  Time since last request: 10.413094 seconds.
  path: Assets/Prefabs/Gun Model/Gun Materials/Mark_low_DefaultMaterial_BaseColor.png
  artifactKey: Guid(20178f81fefd89a429055a8e5e073e41) Importer(815301076,1909f56bfc062723c751e8b465ee728b)
Start importing Assets/Prefabs/Gun Model/Gun Materials/Mark_low_DefaultMaterial_BaseColor.png using Guid(20178f81fefd89a429055a8e5e073e41) Importer(815301076,1909f56bfc062723c751e8b465ee728b)  -> (artifact id: 'd68a6a525118ec138d27c0acce37c89a') in 0.015963 seconds 
========================================================================
Received Import Request.
  Time since last request: 0.000033 seconds.
  path: Assets/Prefabs/Gun Model/Gun Materials/Mark_low_DefaultMaterial_Normal.png
  artifactKey: Guid(f994e0d5f36762a4595bdedcdfd0f762) Importer(815301076,1909f56bfc062723c751e8b465ee728b)
Start importing Assets/Prefabs/Gun Model/Gun Materials/Mark_low_DefaultMaterial_Normal.png using Guid(f994e0d5f36762a4595bdedcdfd0f762) Importer(815301076,1909f56bfc062723c751e8b465ee728b)  -> (artifact id: '98ee9d33cd3d90e168f2402aee2890e1') in 0.014724 seconds 
========================================================================
Received Import Request.
  Time since last request: 0.000036 seconds.
  path: Assets/Prefabs/Gun Model/Gun Materials/Mark_low_DefaultMaterial_Roughness.png
  artifactKey: Guid(77322f8d67312c34caecf2395a6c5ac7) Importer(815301076,1909f56bfc062723c751e8b465ee728b)
Start importing Assets/Prefabs/Gun Model/Gun Materials/Mark_low_DefaultMaterial_Roughness.png using Guid(77322f8d67312c34caecf2395a6c5ac7) Importer(815301076,1909f56bfc062723c751e8b465ee728b)  -> (artifact id: '2527d21ecd4d8d4f7d1a218efb89ef6c') in 0.014611 seconds 
========================================================================
Received Import Request.
  Time since last request: 50.218035 seconds.
  path: Assets/Prefabs/Gun Model/Gun Materials/Mark_low_DefaultMaterial_Normal.png
  artifactKey: Guid(f994e0d5f36762a4595bdedcdfd0f762) Importer(815301076,1909f56bfc062723c751e8b465ee728b)
Start importing Assets/Prefabs/Gun Model/Gun Materials/Mark_low_DefaultMaterial_Normal.png using Guid(f994e0d5f36762a4595bdedcdfd0f762) Importer(815301076,1909f56bfc062723c751e8b465ee728b)  -> (artifact id: '9bfd8e71494924fdf194f6891c8f4e1d') in 0.014781 seconds 
========================================================================
Received Import Request.
  Time since last request: 26.884098 seconds.
  path: Assets/Prefabs/Target.mat
  artifactKey: Guid(d34637a9209a4764c909dc443acad152) Importer(815301076,1909f56bfc062723c751e8b465ee728b)
Start importing Assets/Prefabs/Target.mat using Guid(d34637a9209a4764c909dc443acad152) Importer(815301076,1909f56bfc062723c751e8b465ee728b)  -> (artifact id: '6b7f8160e80171aeb03f811fb155b570') in 0.021372 seconds 
